Arguments: 
  D:\App\nodejs\node.exe C:\Users\dingxiaodong\AppData\Roaming\npm\node_modules\yarn\bin\yarn.js add xiaodong-sample

PATH: 
  C:\Windows\system32;C:\Windows;C:\Windows\System32\Wbem;C:\Windows\System32\WindowsPowerShell\v1.0\;C:\Windows\System32\OpenSSH\;C:\Program Files (x86)\NVIDIA Corporation\PhysX\Common;C:\Program Files\NVIDIA Corporation\NVIDIA NvDLISR;D:\App\Git\cmd;D:\Java\jdk-9.0.1\bin;C:\Program Files\TortoiseSVN\bin;D:\App\nodejs\;C:\Users\dingxiaodong\AppData\Local\Microsoft\WindowsApps;D:\App\Microsoft VS Code\bin;C:\Users\dingxiaodong\AppData\Roaming\npm;C:\Users\dingxiaodong\AppData\Local\Yarn\bin;

Yarn version: 
  1.22.1

Node version: 
  12.16.3

Platform: 
  win32 x64

Trace: 
  Error: https://registry.npm.taobao.org/xiaodong-sample: Not found
      at Request.params.callback [as _callback] (C:\Users\dingxiaodong\AppData\Roaming\npm\node_modules\yarn\lib\cli.js:66091:18)
      at Request.self.callback (C:\Users\dingxiaodong\AppData\Roaming\npm\node_modules\yarn\lib\cli.js:140743:22)
      at Request.emit (events.js:310:20)
      at Request.<anonymous> (C:\Users\dingxiaodong\AppData\Roaming\npm\node_modules\yarn\lib\cli.js:141715:10)
      at Request.emit (events.js:310:20)
      at IncomingMessage.<anonymous> (C:\Users\dingxiaodong\AppData\Roaming\npm\node_modules\yarn\lib\cli.js:141637:12)
      at Object.onceWrapper (events.js:416:28)
      at IncomingMessage.emit (events.js:322:22)
      at endReadableNT (_stream_readable.js:1187:12)
      at processTicksAndRejections (internal/process/task_queues.js:84:21)

npm manifest: 
  {
    "name": "my-pro",
    "version": "1.0.0",
    "main": "index.js",
    "license": "MIT"
  }

yarn manifest: 
  No manifest

Lockfile: 
  No lockfile
